
2020/12/29 16:34:51 /data/wwwroot/go/pkg/mod/gorm.io/driver/mysql@v1.0.3/mysql.go:52
[info] replacing callback `gorm:update` from /data/wwwroot/go/pkg/mod/gorm.io/driver/mysql@v1.0.3/mysql.go:52

2020/12/29 16:36:58 /data/wwwroot/go/pkg/mod/gorm.io/driver/mysql@v1.0.3/mysql.go:52
[info] replacing callback `gorm:update` from /data/wwwroot/go/pkg/mod/gorm.io/driver/mysql@v1.0.3/mysql.go:52

2020/12/29 16:37:00 /data/wwwroot/go/src/github.com/xuandax/gin/test1/internal/model/hongbao_crontab.go:29
[1.311ms] [rows:2] SELECT * FROM `jh_hongbao_crontab`

2020/12/29 16:37:07 /data/wwwroot/go/src/github.com/xuandax/gin/test1/internal/model/hongbao_crontab.go:29
[1.048ms] [rows:2] SELECT * FROM `jh_hongbao_crontab`

2020/12/29 16:37:08 /data/wwwroot/go/src/github.com/xuandax/gin/test1/internal/model/hongbao_crontab.go:29
[0.765ms] [rows:2] SELECT * FROM `jh_hongbao_crontab`

2020/12/29 16:38:57 /data/wwwroot/go/src/github.com/xuandax/gin/test1/internal/model/hongbao_crontab.go:29 SLOW SQL >= 1ms
[1.777ms] [rows:2] SELECT * FROM `jh_hongbao_crontab`

2020/12/29 16:39:12 /data/wwwroot/go/src/github.com/xuandax/gin/test1/internal/model/hongbao_crontab.go:29 SLOW SQL >= 1ms
[1.121ms] [rows:2] SELECT * FROM `jh_hongbao_crontab`

2020/12/29 16:39:18 /data/wwwroot/go/src/github.com/xuandax/gin/test1/internal/model/hongbao_crontab.go:29 SLOW SQL >= 1ms
[1.252ms] [rows:2] SELECT * FROM `jh_hongbao_crontab`

2020/12/29 16:39:56 /data/wwwroot/go/src/github.com/xuandax/gin/test1/internal/model/hongbao_crontab.go:24 SLOW SQL >= 1ms
[2.730ms] [rows:1] SELECT * FROM `jh_hongbao_crontab` WHERE id = 2 ORDER BY `jh_hongbao_crontab`.`id` LIMIT 1

2020/12/29 16:40:16 /data/wwwroot/go/src/github.com/xuandax/gin/test1/internal/model/hongbao_crontab.go:24 SLOW SQL >= 2ms
[2.040ms] [rows:1] SELECT * FROM `jh_hongbao_crontab` WHERE id = 2 ORDER BY `jh_hongbao_crontab`.`id` LIMIT 1

2020/12/29 16:40:35 /data/wwwroot/go/src/github.com/xuandax/gin/test1/internal/model/hongbao_crontab.go:24 SLOW SQL >= 2ms
[2.071ms] [rows:1] SELECT * FROM `jh_hongbao_crontab` WHERE id = 2 ORDER BY `jh_hongbao_crontab`.`id` LIMIT 1

2020/12/29 16:41:46 /data/wwwroot/go/src/github.com/xuandax/gin/test1/internal/model/hongbao_crontab.go:24 Error 1146: Table 'dashboard.jh_hongbao_crontab' doesn't exist
[1.196ms] [rows:0] SELECT * FROM `jh_hongbao_crontab` WHERE id = 2 ORDER BY `jh_hongbao_crontab`.`id` LIMIT 1

2020/12/29 16:43:25 /data/wwwroot/go/pkg/mod/gorm.io/driver/mysql@v1.0.3/mysql.go:52
[info] replacing callback `gorm:update` from /data/wwwroot/go/pkg/mod/gorm.io/driver/mysql@v1.0.3/mysql.go:52

2020/12/29 16:43:31 /data/wwwroot/go/src/github.com/xuandax/gin/test1/internal/model/hongbao_crontab.go:24 Error 1146: Table 'dashboard.jh_hongbao_crontab' doesn't exist
[1.628ms] [rows:0] SELECT * FROM `jh_hongbao_crontab` WHERE id = 2 ORDER BY `jh_hongbao_crontab`.`id` LIMIT 1

2020/12/29 16:43:47 /data/wwwroot/go/pkg/mod/gorm.io/driver/mysql@v1.0.3/mysql.go:52
[info] replacing callback `gorm:update` from /data/wwwroot/go/pkg/mod/gorm.io/driver/mysql@v1.0.3/mysql.go:52

2020/12/29 16:43:49 /data/wwwroot/go/src/github.com/xuandax/gin/test1/internal/model/hongbao_crontab.go:24 SLOW SQL >= 2ms
[3.909ms] [rows:1] SELECT * FROM `jh_hongbao_crontab` WHERE id = 2 ORDER BY `jh_hongbao_crontab`.`id` LIMIT 1

2020/12/29 16:43:53 /data/wwwroot/go/src/github.com/xuandax/gin/test1/internal/model/hongbao_crontab.go:24
[1.936ms] [rows:1] SELECT * FROM `jh_hongbao_crontab` WHERE id = 2 ORDER BY `jh_hongbao_crontab`.`id` LIMIT 1

2020/12/29 17:06:29 /data/wwwroot/go/pkg/mod/gorm.io/driver/mysql@v1.0.3/mysql.go:52
[info] replacing callback `gorm:update` from /data/wwwroot/go/pkg/mod/gorm.io/driver/mysql@v1.0.3/mysql.go:52

2020/12/29 17:06:59 /data/wwwroot/go/src/github.com/xuandax/gin/test1/internal/model/hongbao_crontab.go:29 SLOW SQL >= 2ms
[3.481ms] [rows:2] SELECT * FROM `jh_hongbao_crontab`

2020/12/29 17:07:00 /data/wwwroot/go/src/github.com/xuandax/gin/test1/internal/model/hongbao_crontab.go:29
[1.184ms] [rows:2] SELECT * FROM `jh_hongbao_crontab`

2020/12/29 17:07:00 /data/wwwroot/go/src/github.com/xuandax/gin/test1/internal/model/hongbao_crontab.go:29
[1.002ms] [rows:2] SELECT * FROM `jh_hongbao_crontab`

2020/12/29 17:07:00 /data/wwwroot/go/src/github.com/xuandax/gin/test1/internal/model/hongbao_crontab.go:29
[1.116ms] [rows:2] SELECT * FROM `jh_hongbao_crontab`

2020/12/29 17:12:05 /data/wwwroot/go/pkg/mod/gorm.io/driver/mysql@v1.0.3/mysql.go:52
[info] replacing callback `gorm:update` from /data/wwwroot/go/pkg/mod/gorm.io/driver/mysql@v1.0.3/mysql.go:52

2020/12/29 17:12:08 /data/wwwroot/go/src/github.com/xuandax/gin/test1/internal/model/hongbao_crontab.go:35
[1.160ms] [rows:2] SELECT * FROM `jh_hongbao_crontab`

2020/12/29 17:12:08 /data/wwwroot/go/src/github.com/xuandax/gin/test1/internal/model/hongbao_crontab.go:35
[0.955ms] [rows:2] SELECT * FROM `jh_hongbao_crontab`

2020/12/29 17:12:09 /data/wwwroot/go/src/github.com/xuandax/gin/test1/internal/model/hongbao_crontab.go:35
[1.090ms] [rows:2] SELECT * FROM `jh_hongbao_crontab`

2020/12/29 17:12:09 /data/wwwroot/go/src/github.com/xuandax/gin/test1/internal/model/hongbao_crontab.go:35
[1.184ms] [rows:2] SELECT * FROM `jh_hongbao_crontab`

2020/12/29 17:12:09 /data/wwwroot/go/src/github.com/xuandax/gin/test1/internal/model/hongbao_crontab.go:35
[1.192ms] [rows:2] SELECT * FROM `jh_hongbao_crontab`

2020/12/29 17:12:09 /data/wwwroot/go/src/github.com/xuandax/gin/test1/internal/model/hongbao_crontab.go:35
[1.067ms] [rows:2] SELECT * FROM `jh_hongbao_crontab`

2020/12/29 17:12:09 /data/wwwroot/go/src/github.com/xuandax/gin/test1/internal/model/hongbao_crontab.go:35
[1.031ms] [rows:2] SELECT * FROM `jh_hongbao_crontab`

2020/12/29 17:12:09 /data/wwwroot/go/src/github.com/xuandax/gin/test1/internal/model/hongbao_crontab.go:35
[0.989ms] [rows:2] SELECT * FROM `jh_hongbao_crontab`

2020/12/29 17:12:10 /data/wwwroot/go/src/github.com/xuandax/gin/test1/internal/model/hongbao_crontab.go:35
[1.075ms] [rows:2] SELECT * FROM `jh_hongbao_crontab`

2021/02/19 16:39:38 D:/data/wwwroot/go/pkg/mod/gorm.io/driver/mysql@v1.0.4/mysql.go:54
[info] replacing callback `gorm:update` from D:/data/wwwroot/go/pkg/mod/gorm.io/driver/mysql@v1.0.4/mysql.go:54

2021/02/19 16:39:40 D:/data/wwwroot/go/src/github.com/xuandax/ginx/pkg/db/mysql.go:25
[error] failed to initialize database, got error dial tcp 127.0.0.1:3306: connectex: No connection could be made because the target machine actively refused it.

2021/02/19 16:40:32 D:/data/wwwroot/go/pkg/mod/gorm.io/driver/mysql@v1.0.4/mysql.go:54
[info] replacing callback `gorm:update` from D:/data/wwwroot/go/pkg/mod/gorm.io/driver/mysql@v1.0.4/mysql.go:54

2021/02/19 16:40:32 D:/data/wwwroot/go/src/github.com/xuandax/ginx/pkg/db/mysql.go:25
[error] failed to initialize database, got error Error 1049: Unknown database 'test'
